# JRE version: 7.0_07-b11
# Java VM: Java HotSpot(TM) Client VM (23.3-b01 mixed mode windows-x86 )
Heap
 def new generation   total 12416K, used 4104K [0x03910000, 0x04680000, 0x08e60000)
  eden space 11072K,  30% used [0x03910000, 0x03c4ec38, 0x043e0000)
  from space 1344K,  58% used [0x043e0000, 0x044a3620, 0x04530000)
  to   space 1344K,   0% used [0x04530000, 0x04530000, 0x04680000)
 tenured generation   total 27352K, used 19322K [0x08e60000, 0x0a916000, 0x13910000)
   the space 27352K,  70% used [0x08e60000, 0x0a13ea70, 0x0a13ec00, 0x0a916000)
 compacting perm gen  total 34560K, used 34559K [0x13910000, 0x15ad0000, 0x17910000)
   the space 34560K,  99% used [0x13910000, 0x15acfdc0, 0x15acfe00, 0x15ad0000)
GC Heap History (10 events):
Event: 102.217 GC heap before
{Heap before GC invocations=97 (full 6):
 def new generation   total 12416K, used 11442K [0x03910000, 0x04680000, 0x08e60000)
  eden space 11072K, 100% used [0x03910000, 0x043e0000, 0x043e0000)
  from space 1344K,  27% used [0x04530000, 0x0458cba8, 0x04680000)
  to   space 1344K,   0% used [0x043e0000, 0x043e0000, 0x04530000)
 tenured generation   total 27352K, used 18779K [0x08e60000, 0x0a916000, 0x13910000)
   the space 27352K,  68% used [0x08e60000, 0x0a0b6c18, 0x0a0b6e00, 0x0a916000)
 compacting perm gen  total 34560K, used 34516K [0x13910000, 0x15ad0000, 0x17910000)
   the space 34560K,  99% used [0x13910000, 0x15ac52b0, 0x15ac5400, 0x15ad0000)
No shared spaces configured.
Event: 102.221 GC heap after
Heap after GC invocations=98 (full 6):
 def new generation   total 12416K, used 368K [0x03910000, 0x04680000, 0x08e60000)
  eden space 11072K,   0% used [0x03910000, 0x03910000, 0x043e0000)
  from space 1344K,  27% used [0x043e0000, 0x0443c118, 0x04530000)
  to   space 1344K,   0% used [0x04530000, 0x04530000, 0x04680000)
 tenured generation   total 27352K, used 18779K [0x08e60000, 0x0a916000, 0x13910000)
   the space 27352K,  68% used [0x08e60000, 0x0a0b6c18, 0x0a0b6e00, 0x0a916000)
 compacting perm gen  total 34560K, used 34516K [0x13910000, 0x15ad0000, 0x17910000)
   the space 34560K,  99% used [0x13910000, 0x15ac52b0, 0x15ac5400, 0x15ad0000)
No shared spaces configured.
}
Event: 113.284 GC heap before
{Heap before GC invocations=98 (full 6):
 def new generation   total 12416K, used 11440K [0x03910000, 0x04680000, 0x08e60000)
  eden space 11072K, 100% used [0x03910000, 0x043e0000, 0x043e0000)
  from space 1344K,  27% used [0x043e0000, 0x0443c118, 0x04530000)
  to   space 1344K,   0% used [0x04530000, 0x04530000, 0x04680000)
 tenured generation   total 27352K, used 18779K [0x08e60000, 0x0a916000, 0x13910000)
   the space 27352K,  68% used [0x08e60000, 0x0a0b6c18, 0x0a0b6e00, 0x0a916000)
 compacting perm gen  total 34560K, used 34516K [0x13910000, 0x15ad0000, 0x17910000)
   the space 34560K,  99% used [0x13910000, 0x15ac52b0, 0x15ac5400, 0x15ad0000)
No shared spaces configured.
Event: 113.288 GC heap after
Heap after GC invocations=99 (full 6):
 def new generation   total 12416K, used 365K [0x03910000, 0x04680000, 0x08e60000)
  eden space 11072K,   0% used [0x03910000, 0x03910000, 0x043e0000)
  from space 1344K,  27% used [0x04530000, 0x0458b518, 0x04680000)
  to   space 1344K,   0% used [0x043e0000, 0x043e0000, 0x04530000)
 tenured generation   total 27352K, used 18779K [0x08e60000, 0x0a916000, 0x13910000)
   the space 27352K,  68% used [0x08e60000, 0x0a0b6c18, 0x0a0b6e00, 0x0a916000)
 compacting perm gen  total 34560K, used 34516K [0x13910000, 0x15ad0000, 0x17910000)
   the space 34560K,  99% used [0x13910000, 0x15ac52b0, 0x15ac5400, 0x15ad0000)
No shared spaces configured.
}
Event: 124.286 GC heap before
{Heap before GC invocations=99 (full 6):
 def new generation   total 12416K, used 11437K [0x03910000, 0x04680000, 0x08e60000)
  eden space 11072K, 100% used [0x03910000, 0x043e0000, 0x043e0000)
  from space 1344K,  27% used [0x04530000, 0x0458b518, 0x04680000)
  to   space 1344K,   0% used [0x043e0000, 0x043e0000, 0x04530000)
 tenured generation   total 27352K, used 18779K [0x08e60000, 0x0a916000, 0x13910000)
   the space 27352K,  68% used [0x08e60000, 0x0a0b6c18, 0x0a0b6e00, 0x0a916000)
 compacting perm gen  total 34560K, used 34516K [0x13910000, 0x15ad0000, 0x17910000)
   the space 34560K,  99% used [0x13910000, 0x15ac52b0, 0x15ac5400, 0x15ad0000)
No shared spaces configured.
Event: 124.290 GC heap after
Heap after GC invocations=100 (full 6):
 def new generation   total 12416K, used 364K [0x03910000, 0x04680000, 0x08e60000)
  eden space 11072K,   0% used [0x03910000, 0x03910000, 0x043e0000)
  from space 1344K,  27% used [0x043e0000, 0x0443b250, 0x04530000)
  to   space 1344K,   0% used [0x04530000, 0x04530000, 0x04680000)
 tenured generation   total 27352K, used 18779K [0x08e60000, 0x0a916000, 0x13910000)
   the space 27352K,  68% used [0x08e60000, 0x0a0b6c18, 0x0a0b6e00, 0x0a916000)
 compacting perm gen  total 34560K, used 34516K [0x13910000, 0x15ad0000, 0x17910000)
   the space 34560K,  99% used [0x13910000, 0x15ac52b0, 0x15ac5400, 0x15ad0000)
No shared spaces configured.
}
Event: 125.152 GC heap before
{Heap before GC invocations=100 (full 6):
 def new generation   total 12416K, used 11436K [0x03910000, 0x04680000, 0x08e60000)
  eden space 11072K, 100% used [0x03910000, 0x043e0000, 0x043e0000)
  from space 1344K,  27% used [0x043e0000, 0x0443b250, 0x04530000)
  to   space 1344K,   0% used [0x04530000, 0x04530000, 0x04680000)
 tenured generation   total 27352K, used 18779K [0x08e60000, 0x0a916000, 0x13910000)
   the space 27352K,  68% used [0x08e60000, 0x0a0b6c18, 0x0a0b6e00, 0x0a916000)
 compacting perm gen  total 34560K, used 34516K [0x13910000, 0x15ad0000, 0x17910000)
   the space 34560K,  99% used [0x13910000, 0x15ac5350, 0x15ac5400, 0x15ad0000)
No shared spaces configured.
Event: 125.157 GC heap after
Heap after GC invocations=101 (full 6):
 def new generation   total 12416K, used 1048K [0x03910000, 0x04680000, 0x08e60000)
  eden space 11072K,   0% used [0x03910000, 0x03910000, 0x043e0000)
  from space 1344K,  77% used [0x04530000, 0x04636088, 0x04680000)
  to   space 1344K,   0% used [0x043e0000, 0x043e0000, 0x04530000)
 tenured generation   total 27352K, used 18779K [0x08e60000, 0x0a916000, 0x13910000)
   the space 27352K,  68% used [0x08e60000, 0x0a0b6c18, 0x0a0b6e00, 0x0a916000)
 compacting perm gen  total 34560K, used 34516K [0x13910000, 0x15ad0000, 0x17910000)
   the space 34560K,  99% used [0x13910000, 0x15ac5350, 0x15ac5400, 0x15ad0000)
No shared spaces configured.
}
Event: 125.313 GC heap before
{Heap before GC invocations=101 (full 6):
 def new generation   total 12416K, used 12120K [0x03910000, 0x04680000, 0x08e60000)
  eden space 11072K, 100% used [0x03910000, 0x043e0000, 0x043e0000)
  from space 1344K,  77% used [0x04530000, 0x04636088, 0x04680000)
  to   space 1344K,   0% used [0x043e0000, 0x043e0000, 0x04530000)
 tenured generation   total 27352K, used 18779K [0x08e60000, 0x0a916000, 0x13910000)
   the space 27352K,  68% used [0x08e60000, 0x0a0b6c18, 0x0a0b6e00, 0x0a916000)
 compacting perm gen  total 34560K, used 34533K [0x13910000, 0x15ad0000, 0x17910000)
   the space 34560K,  99% used [0x13910000, 0x15ac97f0, 0x15ac9800, 0x15ad0000)
No shared spaces configured.
Event: 125.319 GC heap after
Heap after GC invocations=102 (full 6):
 def new generation   total 12416K, used 781K [0x03910000, 0x04680000, 0x08e60000)
  eden space 11072K,   0% used [0x03910000, 0x03910000, 0x043e0000)
  from space 1344K,  58% used [0x043e0000, 0x044a3620, 0x04530000)
  to   space 1344K,   0% used [0x04530000, 0x04530000, 0x04680000)
 tenured generation   total 27352K, used 19322K [0x08e60000, 0x0a916000, 0x13910000)
   the space 27352K,  70% used [0x08e60000, 0x0a13ea70, 0x0a13ec00, 0x0a916000)
 compacting perm gen  total 34560K, used 34533K [0x13910000, 0x15ad0000, 0x17910000)
   the space 34560K,  99% used [0x13910000, 0x15ac97f0, 0x15ac9800, 0x15ad0000)
No shared spaces configured.
}

